[2025-11-06 08:47:39,229: INFO: main: logs has reocred]
[2025-11-06 19:54:02,015: INFO: common: yaml file: config\config.yaml loaded successfully]
[2025-11-06 19:56:15,818: INFO: common: yaml file: config\config.yaml loaded successfully]
[2025-11-06 19:56:15,827: INFO: common: yaml file: params.yaml loaded successfully]
[2025-11-06 19:56:15,848: INFO: common: yaml file: schema.yaml loaded successfully]
[2025-11-06 19:56:15,848: INFO: common: created directory at: artifacts]
[2025-11-06 19:56:15,848: INFO: common: created directory at: artifacts/data_ingestion]
[2025-11-06 19:57:41,563: INFO: common: yaml file: config\config.yaml loaded successfully]
[2025-11-06 19:57:41,566: INFO: common: yaml file: params.yaml loaded successfully]
[2025-11-06 19:57:41,588: INFO: common: yaml file: schema.yaml loaded successfully]
[2025-11-06 19:57:41,590: INFO: common: created directory at: artifacts]
[2025-11-06 19:57:41,591: INFO: common: created directory at: artifacts/data_ingestion]
[2025-11-06 20:21:42,225: INFO: main: >>>>>> stage <<<<<<<Data Ingestion stage>>>>>>>>> started <<<<<<]
[2025-11-06 20:21:42,225: INFO: common: yaml file: config\config.yaml loaded successfully]
[2025-11-06 20:21:42,225: INFO: common: yaml file: params.yaml loaded successfully]
[2025-11-06 20:21:42,238: INFO: common: yaml file: schema.yaml loaded successfully]
[2025-11-06 20:21:42,238: INFO: common: created directory at: artifacts]
[2025-11-06 20:21:42,240: INFO: common: created directory at: artifacts/data_ingestion]
[2025-11-06 20:21:42,240: ERROR: main: name 'os' is not defined]
Traceback (most recent call last):
  File "D:\Cdac_ML\Assignments\Assignment_3\main.py", line 9, in <module>
    obj.main()
  File "D:\Cdac_ML\Assignments\Assignment_3\src\Assignment_3\pipeline\Data_ingestion_stage.py", line 15, in main
    data_ingestion.data_file()
  File "D:\Cdac_ML\Assignments\Assignment_3\src\Assignment_3\components\Data_ingestion.py", line 15, in data_file
    os.makedirs(os.path.dirname(local_path), exist_ok = True)
    ^^
NameError: name 'os' is not defined. Did you forget to import 'os'
[2025-11-06 20:23:25,085: INFO: main: >>>>>> stage <<<<<<<Data Ingestion stage>>>>>>>>> started <<<<<<]
[2025-11-06 20:23:25,085: INFO: common: yaml file: config\config.yaml loaded successfully]
[2025-11-06 20:23:25,087: INFO: common: yaml file: params.yaml loaded successfully]
[2025-11-06 20:23:25,090: INFO: common: yaml file: schema.yaml loaded successfully]
[2025-11-06 20:23:25,090: INFO: common: created directory at: artifacts]
[2025-11-06 20:23:25,099: INFO: common: created directory at: artifacts/data_ingestion]
[2025-11-06 20:23:25,100: INFO: main: >>>>>> stage <<<<<<<Data Ingestion stage>>>>>>>>> completed <<<<<<

x==========x]
[2025-11-06 20:47:46,020: INFO: common: yaml file: config\config.yaml loaded successfully]
[2025-11-06 20:47:46,024: INFO: common: yaml file: params.yaml loaded successfully]
[2025-11-06 20:47:46,032: INFO: common: yaml file: schema.yaml loaded successfully]
[2025-11-06 20:47:46,032: INFO: common: created directory at: artifacts]
[2025-11-06 20:47:46,034: INFO: common: created directory at: artifacts/data_validation]
[2025-11-06 20:51:18,458: INFO: common: yaml file: config\config.yaml loaded successfully]
[2025-11-06 20:51:18,461: INFO: common: yaml file: params.yaml loaded successfully]
[2025-11-06 20:51:18,469: INFO: common: yaml file: schema.yaml loaded successfully]
[2025-11-06 20:51:18,470: INFO: common: created directory at: artifacts]
[2025-11-06 20:51:18,472: INFO: common: created directory at: artifacts/data_validation]
[2025-11-06 22:51:15,262: INFO: common: yaml file: config\config.yaml loaded successfully]
[2025-11-06 22:51:15,274: INFO: common: yaml file: params.yaml loaded successfully]
[2025-11-06 22:51:15,283: INFO: common: yaml file: schema.yaml loaded successfully]
[2025-11-06 22:51:15,283: INFO: common: created directory at: artifacts]
[2025-11-06 22:51:15,283: INFO: common: created directory at: artifacts/model_trainer]
[2025-11-06 23:03:52,774: INFO: common: yaml file: config\config.yaml loaded successfully]
[2025-11-06 23:03:52,783: INFO: common: yaml file: params.yaml loaded successfully]
[2025-11-06 23:03:52,788: INFO: common: yaml file: schema.yaml loaded successfully]
[2025-11-06 23:03:52,788: INFO: common: created directory at: artifacts]
[2025-11-06 23:03:52,790: INFO: common: created directory at: artifacts/model_trainer]
[2025-11-06 23:14:27,279: INFO: common: yaml file: config\config.yaml loaded successfully]
[2025-11-06 23:14:27,282: INFO: common: yaml file: params.yaml loaded successfully]
[2025-11-06 23:14:27,287: INFO: common: yaml file: schema.yaml loaded successfully]
[2025-11-06 23:14:27,288: INFO: common: created directory at: artifacts]
[2025-11-06 23:14:27,290: INFO: common: created directory at: artifacts/data_transformation]
[2025-11-06 23:14:32,928: INFO: 2400884027: Splited data into training and test sets]
[2025-11-06 23:14:32,928: INFO: 2400884027: (435759, 55)]
[2025-11-06 23:14:32,928: INFO: 2400884027: (145253, 55)]
[2025-11-06 23:15:07,730: INFO: common: yaml file: config\config.yaml loaded successfully]
[2025-11-06 23:15:07,734: INFO: common: yaml file: params.yaml loaded successfully]
[2025-11-06 23:15:07,740: INFO: common: yaml file: schema.yaml loaded successfully]
[2025-11-06 23:15:07,742: INFO: common: created directory at: artifacts]
[2025-11-06 23:15:07,742: INFO: common: created directory at: artifacts/model_trainer]
[2025-11-06 23:19:55,751: INFO: common: yaml file: config\config.yaml loaded successfully]
[2025-11-06 23:19:55,754: INFO: common: yaml file: params.yaml loaded successfully]
[2025-11-06 23:19:55,757: INFO: common: yaml file: schema.yaml loaded successfully]
[2025-11-06 23:19:55,760: INFO: common: created directory at: artifacts]
[2025-11-06 23:19:55,760: INFO: common: created directory at: artifacts/model_trainer]
[2025-11-06 23:22:22,199: INFO: common: yaml file: config\config.yaml loaded successfully]
[2025-11-06 23:22:22,201: INFO: common: yaml file: params.yaml loaded successfully]
[2025-11-06 23:22:22,205: INFO: common: yaml file: schema.yaml loaded successfully]
[2025-11-06 23:22:22,206: INFO: common: created directory at: artifacts]
[2025-11-06 23:22:22,208: INFO: common: created directory at: artifacts/model_trainer]
[2025-11-06 23:22:30,154: INFO: common: yaml file: config\config.yaml loaded successfully]
[2025-11-06 23:22:30,156: INFO: common: yaml file: params.yaml loaded successfully]
[2025-11-06 23:22:30,158: INFO: common: yaml file: schema.yaml loaded successfully]
[2025-11-06 23:22:30,161: INFO: common: created directory at: artifacts]
[2025-11-06 23:22:30,162: INFO: common: created directory at: artifacts/model_trainer]
[2025-11-06 23:30:42,898: INFO: common: yaml file: config\config.yaml loaded successfully]
[2025-11-06 23:30:42,903: INFO: common: yaml file: params.yaml loaded successfully]
[2025-11-06 23:30:42,910: INFO: common: yaml file: schema.yaml loaded successfully]
[2025-11-06 23:30:42,914: INFO: common: created directory at: artifacts]
[2025-11-06 23:30:42,915: INFO: common: created directory at: artifacts/model_trainer]
[2025-11-06 23:42:59,354: INFO: common: yaml file: D:\Cdac_ML\Assignments\Assignment_3\config\config.yaml loaded successfully]
[2025-11-06 23:42:59,354: INFO: common: yaml file: D:\Cdac_ML\Assignments\Assignment_3\params.yaml loaded successfully]
[2025-11-06 23:42:59,354: INFO: common: yaml file: D:\Cdac_ML\Assignments\Assignment_3\schema.yaml loaded successfully]
[2025-11-06 23:42:59,354: INFO: common: created directory at: artifacts]
[2025-11-06 23:42:59,354: INFO: common: created directory at: artifacts/model_trainer]
[2025-11-06 23:55:43,099: INFO: common: yaml file: D:\Cdac_ML\Assignments\Assignment_3\config\config.yaml loaded successfully]
[2025-11-06 23:55:43,101: INFO: common: yaml file: D:\Cdac_ML\Assignments\Assignment_3\params.yaml loaded successfully]
[2025-11-06 23:55:43,106: INFO: common: yaml file: D:\Cdac_ML\Assignments\Assignment_3\schema.yaml loaded successfully]
[2025-11-06 23:55:43,108: INFO: common: created directory at: artifacts]
[2025-11-06 23:55:43,108: INFO: common: created directory at: artifacts/model_evaluation]
[2025-11-06 23:55:45,673: INFO: common: json file saved at: artifacts\model_evaluation\metrics.json]
[2025-11-07 01:15:36,194: INFO: main: >>>>>> stage <<<<<<<Data Ingestion stage>>>>>>>>> started <<<<<<]
[2025-11-07 01:15:36,194: INFO: common: yaml file: D:\Cdac_ML\Assignments\Assignment_3\config\config.yaml loaded successfully]
[2025-11-07 01:15:36,194: INFO: common: yaml file: D:\Cdac_ML\Assignments\Assignment_3\params.yaml loaded successfully]
[2025-11-07 01:15:36,194: INFO: common: yaml file: D:\Cdac_ML\Assignments\Assignment_3\schema.yaml loaded successfully]
[2025-11-07 01:15:36,194: INFO: common: created directory at: artifacts]
[2025-11-07 01:15:36,209: INFO: common: created directory at: artifacts/data_ingestion]
[2025-11-07 01:15:36,210: INFO: main: >>>>>> stage <<<<<<<Data Ingestion stage>>>>>>>>> completed <<<<<<

x==========x]
[2025-11-07 01:15:36,211: INFO: main: >>>>>> stage Data Validation stage started <<<<<<]
[2025-11-07 01:15:36,214: INFO: common: yaml file: D:\Cdac_ML\Assignments\Assignment_3\config\config.yaml loaded successfully]
[2025-11-07 01:15:36,218: INFO: common: yaml file: D:\Cdac_ML\Assignments\Assignment_3\params.yaml loaded successfully]
[2025-11-07 01:15:36,219: INFO: common: yaml file: D:\Cdac_ML\Assignments\Assignment_3\schema.yaml loaded successfully]
[2025-11-07 01:15:36,219: INFO: common: created directory at: artifacts]
[2025-11-07 01:15:36,219: INFO: common: created directory at: artifacts/data_validation]
[2025-11-07 01:15:37,189: INFO: main: >>>>>> stage Data Validation stage completed <<<<<<

x==========x]
[2025-11-07 01:15:37,191: INFO: main: >>>>>> stage Data Transformation stage started <<<<<<]
[2025-11-07 01:15:37,191: INFO: common: yaml file: D:\Cdac_ML\Assignments\Assignment_3\config\config.yaml loaded successfully]
[2025-11-07 01:15:37,191: INFO: common: yaml file: D:\Cdac_ML\Assignments\Assignment_3\params.yaml loaded successfully]
[2025-11-07 01:15:37,191: INFO: common: yaml file: D:\Cdac_ML\Assignments\Assignment_3\schema.yaml loaded successfully]
[2025-11-07 01:15:37,191: INFO: common: created directory at: artifacts]
[2025-11-07 01:15:37,191: INFO: common: created directory at: artifacts/data_transformation]
[2025-11-07 01:15:41,552: INFO: Data_transformation: Splited data into training and test sets]
[2025-11-07 01:15:41,552: INFO: Data_transformation: (435759, 55)]
[2025-11-07 01:15:41,552: INFO: Data_transformation: (145253, 55)]
[2025-11-07 01:15:41,585: INFO: main: >>>>>> stage Data Transformation stage completed <<<<<<

x==========x]
[2025-11-07 01:15:41,587: INFO: main: >>>>>> stage Model Trainer stage started <<<<<<]
[2025-11-07 01:15:41,588: INFO: common: yaml file: D:\Cdac_ML\Assignments\Assignment_3\config\config.yaml loaded successfully]
[2025-11-07 01:15:41,590: INFO: common: yaml file: D:\Cdac_ML\Assignments\Assignment_3\params.yaml loaded successfully]
[2025-11-07 01:15:41,592: INFO: common: yaml file: D:\Cdac_ML\Assignments\Assignment_3\schema.yaml loaded successfully]
[2025-11-07 01:15:41,594: INFO: common: created directory at: artifacts]
[2025-11-07 01:15:41,615: INFO: common: created directory at: artifacts/model_trainer]
[2025-11-07 01:15:55,601: INFO: main: >>>>>> stage Model Trainer stage completed <<<<<<

x==========x]
[2025-11-07 01:15:55,601: INFO: main: >>>>>> stage Model evaluation stage started <<<<<<]
[2025-11-07 01:15:55,601: INFO: common: yaml file: D:\Cdac_ML\Assignments\Assignment_3\config\config.yaml loaded successfully]
[2025-11-07 01:15:55,601: INFO: common: yaml file: D:\Cdac_ML\Assignments\Assignment_3\params.yaml loaded successfully]
[2025-11-07 01:15:55,601: INFO: common: yaml file: D:\Cdac_ML\Assignments\Assignment_3\schema.yaml loaded successfully]
[2025-11-07 01:15:55,601: INFO: common: created directory at: artifacts]
[2025-11-07 01:15:55,616: INFO: common: created directory at: artifacts/data_ingestion]
[2025-11-07 01:15:55,617: ERROR: main: 'ModelEvaluation' object has no attribute 'data_file']
Traceback (most recent call last):
  File "D:\Cdac_ML\Assignments\Assignment_3\main.py", line 58, in <module>
    data_ingestion.main()
  File "D:\Cdac_ML\Assignments\Assignment_3\src\Assignment_3\pipeline\Model_evaluation_stage.py", line 15, in main
    data_ingestion.data_file()
    ^^^^^^^^^^^^^^^^^^^^^^^^
AttributeError: 'ModelEvaluation' object has no attribute 'data_file'
[2025-11-07 01:17:58,382: INFO: main: >>>>>> stage <<<<<<<Data Ingestion stage>>>>>>>>> started <<<<<<]
[2025-11-07 01:17:58,382: INFO: common: yaml file: D:\Cdac_ML\Assignments\Assignment_3\config\config.yaml loaded successfully]
[2025-11-07 01:17:58,391: INFO: common: yaml file: D:\Cdac_ML\Assignments\Assignment_3\params.yaml loaded successfully]
[2025-11-07 01:17:58,397: INFO: common: yaml file: D:\Cdac_ML\Assignments\Assignment_3\schema.yaml loaded successfully]
[2025-11-07 01:17:58,397: INFO: common: created directory at: artifacts]
[2025-11-07 01:17:58,399: INFO: common: created directory at: artifacts/data_ingestion]
[2025-11-07 01:17:58,399: INFO: main: >>>>>> stage <<<<<<<Data Ingestion stage>>>>>>>>> completed <<<<<<

x==========x]
[2025-11-07 01:17:58,399: INFO: main: >>>>>> stage Data Validation stage started <<<<<<]
[2025-11-07 01:17:58,399: INFO: common: yaml file: D:\Cdac_ML\Assignments\Assignment_3\config\config.yaml loaded successfully]
[2025-11-07 01:17:58,399: INFO: common: yaml file: D:\Cdac_ML\Assignments\Assignment_3\params.yaml loaded successfully]
[2025-11-07 01:17:58,405: INFO: common: yaml file: D:\Cdac_ML\Assignments\Assignment_3\schema.yaml loaded successfully]
[2025-11-07 01:17:58,407: INFO: common: created directory at: artifacts]
[2025-11-07 01:17:58,407: INFO: common: created directory at: artifacts/data_validation]
[2025-11-07 01:17:59,347: INFO: main: >>>>>> stage Data Validation stage completed <<<<<<

x==========x]
[2025-11-07 01:17:59,347: INFO: main: >>>>>> stage Data Transformation stage started <<<<<<]
[2025-11-07 01:17:59,347: INFO: common: yaml file: D:\Cdac_ML\Assignments\Assignment_3\config\config.yaml loaded successfully]
[2025-11-07 01:17:59,347: INFO: common: yaml file: D:\Cdac_ML\Assignments\Assignment_3\params.yaml loaded successfully]
[2025-11-07 01:17:59,347: INFO: common: yaml file: D:\Cdac_ML\Assignments\Assignment_3\schema.yaml loaded successfully]
[2025-11-07 01:17:59,347: INFO: common: created directory at: artifacts]
[2025-11-07 01:17:59,354: INFO: common: created directory at: artifacts/data_transformation]
[2025-11-07 01:18:03,803: INFO: Data_transformation: Splited data into training and test sets]
[2025-11-07 01:18:03,803: INFO: Data_transformation: (435759, 55)]
[2025-11-07 01:18:03,803: INFO: Data_transformation: (145253, 55)]
[2025-11-07 01:18:03,811: INFO: main: >>>>>> stage Data Transformation stage completed <<<<<<

x==========x]
[2025-11-07 01:18:03,811: INFO: main: >>>>>> stage Model Trainer stage started <<<<<<]
[2025-11-07 01:18:03,830: INFO: common: yaml file: D:\Cdac_ML\Assignments\Assignment_3\config\config.yaml loaded successfully]
[2025-11-07 01:18:03,830: INFO: common: yaml file: D:\Cdac_ML\Assignments\Assignment_3\params.yaml loaded successfully]
[2025-11-07 01:18:03,835: INFO: common: yaml file: D:\Cdac_ML\Assignments\Assignment_3\schema.yaml loaded successfully]
[2025-11-07 01:18:03,835: INFO: common: created directory at: artifacts]
[2025-11-07 01:18:03,835: INFO: common: created directory at: artifacts/model_trainer]
[2025-11-07 01:18:18,144: INFO: main: >>>>>> stage Model Trainer stage completed <<<<<<

x==========x]
[2025-11-07 01:18:18,144: INFO: main: >>>>>> stage Model evaluation stage started <<<<<<]
[2025-11-07 01:18:18,144: INFO: common: yaml file: D:\Cdac_ML\Assignments\Assignment_3\config\config.yaml loaded successfully]
[2025-11-07 01:18:18,144: INFO: common: yaml file: D:\Cdac_ML\Assignments\Assignment_3\params.yaml loaded successfully]
[2025-11-07 01:18:18,144: INFO: common: yaml file: D:\Cdac_ML\Assignments\Assignment_3\schema.yaml loaded successfully]
[2025-11-07 01:18:18,144: INFO: common: created directory at: artifacts]
[2025-11-07 01:18:18,155: INFO: common: created directory at: artifacts/model_evaluation]
[2025-11-07 01:18:20,346: ERROR: main: name 'np' is not defined]
Traceback (most recent call last):
  File "D:\Cdac_ML\Assignments\Assignment_3\main.py", line 58, in <module>
    data_ingestion.main()
  File "D:\Cdac_ML\Assignments\Assignment_3\src\Assignment_3\pipeline\Model_evaluation_stage.py", line 15, in main
    model_evaluation_config.save_results()
  File "D:\Cdac_ML\Assignments\Assignment_3\src\Assignment_3\components\Model_evaluation.py", line 35, in save_results
    (rmse, mae, r2) = self.eval_metrics(test_y, predicted_qualities)
                      ^^^^^^^^^^^^^^^^^^^^^^^^^^^^^^^^^^^^^^^^^^^^^^
  File "D:\Cdac_ML\Assignments\Assignment_3\src\Assignment_3\components\Model_evaluation.py", line 19, in eval_metrics
    rmse = np.sqrt(mean_squared_error(actual, pred))
           ^^
NameError: name 'np' is not defined
[2025-11-07 01:19:27,679: INFO: main: >>>>>> stage <<<<<<<Data Ingestion stage>>>>>>>>> started <<<<<<]
[2025-11-07 01:19:27,679: INFO: common: yaml file: D:\Cdac_ML\Assignments\Assignment_3\config\config.yaml loaded successfully]
[2025-11-07 01:19:27,679: INFO: common: yaml file: D:\Cdac_ML\Assignments\Assignment_3\params.yaml loaded successfully]
[2025-11-07 01:19:27,689: INFO: common: yaml file: D:\Cdac_ML\Assignments\Assignment_3\schema.yaml loaded successfully]
[2025-11-07 01:19:27,692: INFO: common: created directory at: artifacts]
[2025-11-07 01:19:27,693: INFO: common: created directory at: artifacts/data_ingestion]
[2025-11-07 01:19:27,694: INFO: main: >>>>>> stage <<<<<<<Data Ingestion stage>>>>>>>>> completed <<<<<<

x==========x]
[2025-11-07 01:19:27,694: INFO: main: >>>>>> stage Data Validation stage started <<<<<<]
[2025-11-07 01:19:27,695: INFO: common: yaml file: D:\Cdac_ML\Assignments\Assignment_3\config\config.yaml loaded successfully]
[2025-11-07 01:19:27,695: INFO: common: yaml file: D:\Cdac_ML\Assignments\Assignment_3\params.yaml loaded successfully]
[2025-11-07 01:19:27,704: INFO: common: yaml file: D:\Cdac_ML\Assignments\Assignment_3\schema.yaml loaded successfully]
[2025-11-07 01:19:27,705: INFO: common: created directory at: artifacts]
[2025-11-07 01:19:27,706: INFO: common: created directory at: artifacts/data_validation]
[2025-11-07 01:19:28,586: INFO: main: >>>>>> stage Data Validation stage completed <<<<<<

x==========x]
[2025-11-07 01:19:28,586: INFO: main: >>>>>> stage Data Transformation stage started <<<<<<]
[2025-11-07 01:19:28,587: INFO: common: yaml file: D:\Cdac_ML\Assignments\Assignment_3\config\config.yaml loaded successfully]
[2025-11-07 01:19:28,590: INFO: common: yaml file: D:\Cdac_ML\Assignments\Assignment_3\params.yaml loaded successfully]
[2025-11-07 01:19:28,593: INFO: common: yaml file: D:\Cdac_ML\Assignments\Assignment_3\schema.yaml loaded successfully]
[2025-11-07 01:19:28,593: INFO: common: created directory at: artifacts]
[2025-11-07 01:19:28,596: INFO: common: created directory at: artifacts/data_transformation]
[2025-11-07 01:19:32,981: INFO: Data_transformation: Splited data into training and test sets]
[2025-11-07 01:19:32,997: INFO: Data_transformation: (435759, 55)]
[2025-11-07 01:19:32,997: INFO: Data_transformation: (145253, 55)]
[2025-11-07 01:19:33,027: INFO: main: >>>>>> stage Data Transformation stage completed <<<<<<

x==========x]
[2025-11-07 01:19:33,027: INFO: main: >>>>>> stage Model Trainer stage started <<<<<<]
[2025-11-07 01:19:33,029: INFO: common: yaml file: D:\Cdac_ML\Assignments\Assignment_3\config\config.yaml loaded successfully]
[2025-11-07 01:19:33,032: INFO: common: yaml file: D:\Cdac_ML\Assignments\Assignment_3\params.yaml loaded successfully]
[2025-11-07 01:19:33,036: INFO: common: yaml file: D:\Cdac_ML\Assignments\Assignment_3\schema.yaml loaded successfully]
[2025-11-07 01:19:33,036: INFO: common: created directory at: artifacts]
[2025-11-07 01:19:33,037: INFO: common: created directory at: artifacts/model_trainer]
[2025-11-07 01:19:47,384: INFO: main: >>>>>> stage Model Trainer stage completed <<<<<<

x==========x]
[2025-11-07 01:19:47,384: INFO: main: >>>>>> stage Model evaluation stage started <<<<<<]
[2025-11-07 01:19:47,397: INFO: common: yaml file: D:\Cdac_ML\Assignments\Assignment_3\config\config.yaml loaded successfully]
[2025-11-07 01:19:47,397: INFO: common: yaml file: D:\Cdac_ML\Assignments\Assignment_3\params.yaml loaded successfully]
[2025-11-07 01:19:47,402: INFO: common: yaml file: D:\Cdac_ML\Assignments\Assignment_3\schema.yaml loaded successfully]
[2025-11-07 01:19:47,402: INFO: common: created directory at: artifacts]
[2025-11-07 01:19:47,424: INFO: common: created directory at: artifacts/model_evaluation]
[2025-11-07 01:19:49,711: ERROR: main: name 'save_json' is not defined]
Traceback (most recent call last):
  File "D:\Cdac_ML\Assignments\Assignment_3\main.py", line 58, in <module>
    data_ingestion.main()
  File "D:\Cdac_ML\Assignments\Assignment_3\src\Assignment_3\pipeline\Model_evaluation_stage.py", line 15, in main
    model_evaluation_config.save_results()
  File "D:\Cdac_ML\Assignments\Assignment_3\src\Assignment_3\components\Model_evaluation.py", line 40, in save_results
    save_json(path=Path(self.config.metric_file_name), data=scores)
    ^^^^^^^^^
NameError: name 'save_json' is not defined
[2025-11-07 01:21:35,064: INFO: main: >>>>>> stage <<<<<<<Data Ingestion stage>>>>>>>>> started <<<<<<]
[2025-11-07 01:21:35,064: INFO: common: yaml file: D:\Cdac_ML\Assignments\Assignment_3\config\config.yaml loaded successfully]
[2025-11-07 01:21:35,064: INFO: common: yaml file: D:\Cdac_ML\Assignments\Assignment_3\params.yaml loaded successfully]
[2025-11-07 01:21:35,064: INFO: common: yaml file: D:\Cdac_ML\Assignments\Assignment_3\schema.yaml loaded successfully]
[2025-11-07 01:21:35,074: INFO: common: created directory at: artifacts]
[2025-11-07 01:21:35,074: INFO: common: created directory at: artifacts/data_ingestion]
[2025-11-07 01:21:35,075: INFO: main: >>>>>> stage <<<<<<<Data Ingestion stage>>>>>>>>> completed <<<<<<

x==========x]
[2025-11-07 01:21:35,075: INFO: main: >>>>>> stage Data Validation stage started <<<<<<]
[2025-11-07 01:21:35,076: INFO: common: yaml file: D:\Cdac_ML\Assignments\Assignment_3\config\config.yaml loaded successfully]
[2025-11-07 01:21:35,076: INFO: common: yaml file: D:\Cdac_ML\Assignments\Assignment_3\params.yaml loaded successfully]
[2025-11-07 01:21:35,083: INFO: common: yaml file: D:\Cdac_ML\Assignments\Assignment_3\schema.yaml loaded successfully]
[2025-11-07 01:21:35,083: INFO: common: created directory at: artifacts]
[2025-11-07 01:21:35,083: INFO: common: created directory at: artifacts/data_validation]
[2025-11-07 01:21:36,001: INFO: main: >>>>>> stage Data Validation stage completed <<<<<<

x==========x]
[2025-11-07 01:21:36,001: INFO: main: >>>>>> stage Data Transformation stage started <<<<<<]
[2025-11-07 01:21:36,001: INFO: common: yaml file: D:\Cdac_ML\Assignments\Assignment_3\config\config.yaml loaded successfully]
[2025-11-07 01:21:36,001: INFO: common: yaml file: D:\Cdac_ML\Assignments\Assignment_3\params.yaml loaded successfully]
[2025-11-07 01:21:36,012: INFO: common: yaml file: D:\Cdac_ML\Assignments\Assignment_3\schema.yaml loaded successfully]
[2025-11-07 01:21:36,015: INFO: common: created directory at: artifacts]
[2025-11-07 01:21:36,015: INFO: common: created directory at: artifacts/data_transformation]
[2025-11-07 01:21:40,430: INFO: Data_transformation: Splited data into training and test sets]
[2025-11-07 01:21:40,430: INFO: Data_transformation: (435759, 55)]
[2025-11-07 01:21:40,431: INFO: Data_transformation: (145253, 55)]
[2025-11-07 01:21:40,451: INFO: main: >>>>>> stage Data Transformation stage completed <<<<<<

x==========x]
[2025-11-07 01:21:40,451: INFO: main: >>>>>> stage Model Trainer stage started <<<<<<]
[2025-11-07 01:21:40,453: INFO: common: yaml file: D:\Cdac_ML\Assignments\Assignment_3\config\config.yaml loaded successfully]
[2025-11-07 01:21:40,453: INFO: common: yaml file: D:\Cdac_ML\Assignments\Assignment_3\params.yaml loaded successfully]
[2025-11-07 01:21:40,453: INFO: common: yaml file: D:\Cdac_ML\Assignments\Assignment_3\schema.yaml loaded successfully]
[2025-11-07 01:21:40,461: INFO: common: created directory at: artifacts]
[2025-11-07 01:21:40,461: INFO: common: created directory at: artifacts/model_trainer]
[2025-11-07 01:21:55,195: INFO: main: >>>>>> stage Model Trainer stage completed <<<<<<

x==========x]
[2025-11-07 01:21:55,195: INFO: main: >>>>>> stage Model evaluation stage started <<<<<<]
[2025-11-07 01:21:55,195: INFO: common: yaml file: D:\Cdac_ML\Assignments\Assignment_3\config\config.yaml loaded successfully]
[2025-11-07 01:21:55,200: INFO: common: yaml file: D:\Cdac_ML\Assignments\Assignment_3\params.yaml loaded successfully]
[2025-11-07 01:21:55,203: INFO: common: yaml file: D:\Cdac_ML\Assignments\Assignment_3\schema.yaml loaded successfully]
[2025-11-07 01:21:55,205: INFO: common: created directory at: artifacts]
[2025-11-07 01:21:55,211: INFO: common: created directory at: artifacts/model_evaluation]
[2025-11-07 01:21:57,439: INFO: common: json file saved at: artifacts\model_evaluation\metrics.json]
[2025-11-07 01:21:57,502: INFO: main: >>>>>> stage Model evaluation stage completed <<<<<<

x==========x]
